<?xml version="1.0" ?>
<coverage version="7.11.3" timestamp="1763330347106" lines-valid="207" lines-covered="204" line-rate="0.9855" branches-covered="0" branches-valid="0" branch-rate="0" complexity="0">
	<!-- Generated by coverage.py: https://coverage.readthedocs.io/en/7.11.3 -->
	<!-- Based on https://raw.githubusercontent.com/cobertura/web/master/htdocs/xml/coverage-04.dtd -->
	<sources>
		<source>/home/user/brewmotron/brewmotron_cache_handler</source>
	</sources>
	<packages>
		<package name="." line-rate="0.9855" branch-rate="0" complexity="0">
			<classes>
				<class name="__init__.py" filename="__init__.py" complexity="0" line-rate="1" branch-rate="0">
					<methods/>
					<lines>
						<line number="24" hits="1"/>
						<line number="25" hits="1"/>
						<line number="26" hits="1"/>
						<line number="28" hits="1"/>
						<line number="29" hits="1"/>
					</lines>
				</class>
				<class name="cache_entry.py" filename="cache_entry.py" complexity="0" line-rate="1" branch-rate="0">
					<methods/>
					<lines>
						<line number="8" hits="1"/>
						<line number="9" hits="1"/>
						<line number="10" hits="1"/>
						<line number="13" hits="1"/>
						<line number="14" hits="1"/>
						<line number="25" hits="1"/>
						<line number="26" hits="1"/>
						<line number="27" hits="1"/>
						<line number="28" hits="1"/>
						<line number="30" hits="1"/>
						<line number="37" hits="1"/>
						<line number="38" hits="1"/>
						<line number="40" hits="1"/>
						<line number="47" hits="1"/>
						<line number="49" hits="1"/>
						<line number="56" hits="1"/>
						<line number="58" hits="1"/>
						<line number="65" hits="1"/>
						<line number="66" hits="1"/>
						<line number="68" hits="1"/>
						<line number="75" hits="1"/>
						<line number="84" hits="1"/>
						<line number="86" hits="1"/>
						<line number="87" hits="1"/>
					</lines>
				</class>
				<class name="cache_store.py" filename="cache_store.py" complexity="0" line-rate="0.9677" branch-rate="0">
					<methods/>
					<lines>
						<line number="8" hits="1"/>
						<line number="9" hits="1"/>
						<line number="10" hits="1"/>
						<line number="11" hits="1"/>
						<line number="13" hits="1"/>
						<line number="15" hits="1"/>
						<line number="18" hits="1"/>
						<line number="21" hits="1"/>
						<line number="22" hits="1"/>
						<line number="23" hits="1"/>
						<line number="24" hits="1"/>
						<line number="25" hits="1"/>
						<line number="28" hits="1"/>
						<line number="43" hits="1"/>
						<line number="50" hits="1"/>
						<line number="51" hits="1"/>
						<line number="54" hits="1"/>
						<line number="63" hits="1"/>
						<line number="72" hits="1"/>
						<line number="79" hits="1"/>
						<line number="81" hits="1"/>
						<line number="89" hits="1"/>
						<line number="90" hits="1"/>
						<line number="92" hits="1"/>
						<line number="102" hits="1"/>
						<line number="104" hits="1"/>
						<line number="124" hits="1"/>
						<line number="125" hits="1"/>
						<line number="128" hits="1"/>
						<line number="130" hits="1"/>
						<line number="131" hits="1"/>
						<line number="132" hits="1"/>
						<line number="133" hits="1"/>
						<line number="135" hits="0"/>
						<line number="141" hits="0"/>
						<line number="142" hits="0"/>
						<line number="145" hits="1"/>
						<line number="146" hits="1"/>
						<line number="147" hits="1"/>
						<line number="148" hits="1"/>
						<line number="149" hits="1"/>
						<line number="150" hits="1"/>
						<line number="151" hits="1"/>
						<line number="152" hits="1"/>
						<line number="154" hits="1"/>
						<line number="155" hits="1"/>
						<line number="156" hits="1"/>
						<line number="157" hits="1"/>
						<line number="160" hits="1"/>
						<line number="161" hits="1"/>
						<line number="167" hits="1"/>
						<line number="169" hits="1"/>
						<line number="178" hits="1"/>
						<line number="179" hits="1"/>
						<line number="181" hits="1"/>
						<line number="183" hits="1"/>
						<line number="188" hits="1"/>
						<line number="191" hits="1"/>
						<line number="192" hits="1"/>
						<line number="194" hits="1"/>
						<line number="202" hits="1"/>
						<line number="203" hits="1"/>
						<line number="205" hits="1"/>
						<line number="212" hits="1"/>
						<line number="213" hits="1"/>
						<line number="215" hits="1"/>
						<line number="216" hits="1"/>
						<line number="217" hits="1"/>
						<line number="218" hits="1"/>
						<line number="221" hits="1"/>
						<line number="222" hits="1"/>
						<line number="223" hits="1"/>
						<line number="225" hits="1"/>
						<line number="235" hits="1"/>
						<line number="236" hits="1"/>
						<line number="237" hits="1"/>
						<line number="238" hits="1"/>
						<line number="240" hits="1"/>
						<line number="247" hits="1"/>
						<line number="248" hits="1"/>
						<line number="250" hits="1"/>
						<line number="260" hits="1"/>
						<line number="262" hits="1"/>
						<line number="268" hits="1"/>
						<line number="270" hits="1"/>
						<line number="280" hits="1"/>
						<line number="281" hits="1"/>
						<line number="282" hits="1"/>
						<line number="283" hits="1"/>
						<line number="284" hits="1"/>
						<line number="286" hits="1"/>
						<line number="288" hits="1"/>
						<line number="289" hits="1"/>
					</lines>
				</class>
				<class name="event_bus.py" filename="event_bus.py" complexity="0" line-rate="1" branch-rate="0">
					<methods/>
					<lines>
						<line number="8" hits="1"/>
						<line number="9" hits="1"/>
						<line number="10" hits="1"/>
						<line number="11" hits="1"/>
						<line number="12" hits="1"/>
						<line number="13" hits="1"/>
						<line number="15" hits="1"/>
						<line number="18" hits="1"/>
						<line number="21" hits="1"/>
						<line number="22" hits="1"/>
						<line number="23" hits="1"/>
						<line number="24" hits="1"/>
						<line number="25" hits="1"/>
						<line number="28" hits="1"/>
						<line number="29" hits="1"/>
						<line number="32" hits="1"/>
						<line number="33" hits="1"/>
						<line number="34" hits="1"/>
						<line number="36" hits="1"/>
						<line number="38" hits="1"/>
						<line number="45" hits="1"/>
						<line number="54" hits="1"/>
						<line number="61" hits="1"/>
						<line number="62" hits="1"/>
						<line number="65" hits="1"/>
						<line number="66" hits="1"/>
						<line number="67" hits="1"/>
						<line number="73" hits="1"/>
						<line number="84" hits="1"/>
						<line number="85" hits="1"/>
						<line number="86" hits="1"/>
						<line number="87" hits="1"/>
						<line number="91" hits="1"/>
						<line number="104" hits="1"/>
						<line number="105" hits="1"/>
						<line number="106" hits="1"/>
						<line number="107" hits="1"/>
						<line number="110" hits="1"/>
						<line number="111" hits="1"/>
						<line number="113" hits="1"/>
						<line number="126" hits="1"/>
						<line number="129" hits="1"/>
						<line number="130" hits="1"/>
						<line number="131" hits="1"/>
						<line number="132" hits="1"/>
						<line number="135" hits="1"/>
						<line number="136" hits="1"/>
						<line number="138" hits="1"/>
						<line number="149" hits="1"/>
						<line number="150" hits="1"/>
						<line number="151" hits="1"/>
						<line number="154" hits="1"/>
						<line number="156" hits="1"/>
						<line number="164" hits="1"/>
						<line number="165" hits="1"/>
						<line number="166" hits="1"/>
						<line number="168" hits="1"/>
						<line number="169" hits="1"/>
						<line number="170" hits="1"/>
						<line number="171" hits="1"/>
						<line number="172" hits="1"/>
						<line number="177" hits="1"/>
						<line number="184" hits="1"/>
						<line number="185" hits="1"/>
						<line number="186" hits="1"/>
						<line number="187" hits="1"/>
						<line number="189" hits="1"/>
						<line number="190" hits="1"/>
						<line number="192" hits="1"/>
						<line number="205" hits="1"/>
						<line number="206" hits="1"/>
						<line number="207" hits="1"/>
						<line number="208" hits="1"/>
						<line number="210" hits="1"/>
						<line number="220" hits="1"/>
						<line number="221" hits="1"/>
						<line number="223" hits="1"/>
						<line number="233" hits="1"/>
						<line number="235" hits="1"/>
						<line number="242" hits="1"/>
						<line number="253" hits="1"/>
						<line number="255" hits="1"/>
						<line number="261" hits="1"/>
						<line number="263" hits="1"/>
						<line number="264" hits="1"/>
					</lines>
				</class>
			</classes>
		</package>
	</packages>
</coverage>
